Jun  5 17:45:46 kelvintech-HP-EliteBook-8440p polkitd(authority=local): Registered Authentication Agent for unix-session:c1 (system bus name :1.42 [/usr/bin/gnome-shell], object path /org/freedesktop/PolicyKit1/AuthenticationAgent, locale en_US.UTF-8)
Jun  5 17:46:52 kelvintech-HP-EliteBook-8440p gdm-password]: gkr-pam: unable to locate daemon control file
Jun  5 17:46:52 kelvintech-HP-EliteBook-8440p gdm-password]: gkr-pam: stashed password to try later in open session
Jun  5 17:46:52 kelvintech-HP-EliteBook-8440p gdm-password]: pam_unix(gdm-password:session): session opened for user kelvin-tech by (uid=0)
Jun  5 17:46:52 kelvintech-HP-EliteBook-8440p systemd-logind[1001]: New session 3 of user kelvin-tech.
Jun  5 17:46:53 kelvintech-HP-EliteBook-8440p systemd: pam_unix(systemd-user:session): session opened for user kelvin-tech by (uid=0)
Jun  5 17:46:54 kelvintech-HP-EliteBook-8440p gdm-password]: gkr-pam: gnome-keyring-daemon started properly and unlocked keyring
Jun  5 17:46:57 kelvintech-HP-EliteBook-8440p gnome-keyring-daemon[2675]: The PKCS#11 component was already initialized
Jun  5 17:46:57 kelvintech-HP-EliteBook-8440p gnome-keyring-daemon[2675]: The Secret Service was already initialized
Jun  5 17:46:59 kelvintech-HP-EliteBook-8440p polkitd(authority=local): Registered Authentication Agent for unix-session:3 (system bus name :1.81 [/usr/bin/gnome-shell], object path /org/freedesktop/PolicyKit1/AuthenticationAgent, locale en_US.UTF-8)
Jun  5 17:47:03 kelvintech-HP-EliteBook-8440p gdm-launch-environment]: pam_unix(gdm-launch-environment:session): session closed for user gdm
Jun  5 17:47:03 kelvintech-HP-EliteBook-8440p systemd-logind[1001]: Session c1 logged out. Waiting for processes to exit.
Jun  5 17:47:03 kelvintech-HP-EliteBook-8440p polkitd(authority=local): Unregistered Authentication Agent for unix-session:c1 (system bus name :1.42, object path /org/freedesktop/PolicyKit1/AuthenticationAgent, locale en_US.UTF-8) (disconnected from bus)
Jun  5 17:47:04 kelvintech-HP-EliteBook-8440p systemd-logind[1001]: Removed session c1.
Jun  5 17:48:11 kelvintech-HP-EliteBook-8440p pkexec: pam_unix(polkit-1:session): session opened for user root by (uid=1000)
Jun  5 17:48:11 kelvintech-HP-EliteBook-8440p pkexec[3593]: kelvin-tech: Executing command [USER=root] [TTY=unknown] [CWD=/home/kelvin-tech] [COMMAND=/usr/lib/update-notifier/package-system-locked]
Jun  5 17:55:01 kelvintech-HP-EliteBook-8440p CRON[5177]: pam_unix(cron:session): session opened for user root by (uid=0)
Jun  5 17:55:01 kelvintech-HP-EliteBook-8440p CRON[5177]: pam_unix(cron:session): session closed for user root
Jun  5 18:05:01 kelvintech-HP-EliteBook-8440p CRON[7522]: pam_unix(cron:session): session opened for user root by (uid=0)
Jun  5 18:05:01 kelvintech-HP-EliteBook-8440p CRON[7522]: pam_unix(cron:session): session closed for user root
Jun  5 18:05:28 kelvintech-HP-EliteBook-8440p sshd[7572]: Accepted publickey for kelvin-tech from 192.168.93.187 port 51872 ssh2: RSA SHA256:C038fC450iqNQ72itJqDqnwBXwoP7LUVEb13WfPhQek
Jun  5 18:05:28 kelvintech-HP-EliteBook-8440p sshd[7572]: pam_unix(sshd:session): session opened for user kelvin-tech by (uid=0)
Jun  5 18:05:28 kelvintech-HP-EliteBook-8440p systemd-logind[1001]: New session 7 of user kelvin-tech.
Jun  5 18:10:27 kelvintech-HP-EliteBook-8440p sshd[7572]: pam_unix(sshd:session): session closed for user kelvin-tech
Jun  5 18:10:27 kelvintech-HP-EliteBook-8440p systemd-logind[1001]: Session 7 logged out. Waiting for processes to exit.
Jun  5 18:10:27 kelvintech-HP-EliteBook-8440p systemd-logind[1001]: Removed session 7.
Jun  5 18:13:27 kelvintech-HP-EliteBook-8440p sshd[8549]: Accepted publickey for kelvin-tech from 192.168.93.187 port 51900 ssh2: RSA SHA256:C038fC450iqNQ72itJqDqnwBXwoP7LUVEb13WfPhQek
Jun  5 18:13:27 kelvintech-HP-EliteBook-8440p sshd[8549]: pam_unix(sshd:session): session opened for user kelvin-tech by (uid=0)
Jun  5 18:13:27 kelvintech-HP-EliteBook-8440p systemd-logind[1001]: New session 8 of user kelvin-tech.
Jun  5 18:15:01 kelvintech-HP-EliteBook-8440p CRON[8784]: pam_unix(cron:session): session opened for user root by (uid=0)
Jun  5 18:15:01 kelvintech-HP-EliteBook-8440p CRON[8784]: pam_unix(cron:session): session closed for user root
Jun  5 18:17:01 kelvintech-HP-EliteBook-8440p CRON[8987]: pam_unix(cron:session): session opened for user root by (uid=0)
Jun  5 18:17:01 kelvintech-HP-EliteBook-8440p CRON[8987]: pam_unix(cron:session): session closed for user root
Jun  5 18:25:01 kelvintech-HP-EliteBook-8440p CRON[9833]: pam_unix(cron:session): session opened for user root by (uid=0)
Jun  5 18:25:01 kelvintech-HP-EliteBook-8440p CRON[9833]: pam_unix(cron:session): session closed for user root
Jun  5 18:30:01 kelvintech-HP-EliteBook-8440p CRON[10357]: pam_unix(cron:session): session opened for user root by (uid=0)
Jun  5 18:30:01 kelvintech-HP-EliteBook-8440p CRON[10357]: pam_unix(cron:session): session closed for user root
Jun  5 18:35:01 kelvintech-HP-EliteBook-8440p CRON[10879]: pam_unix(cron:session): session opened for user root by (uid=0)
Jun  5 18:35:01 kelvintech-HP-EliteBook-8440p CRON[10879]: pam_unix(cron:session): session closed for user root
Jun  5 18:45:01 kelvintech-HP-EliteBook-8440p CRON[12973]: pam_unix(cron:session): session opened for user root by (uid=0)
Jun  5 18:45:01 kelvintech-HP-EliteBook-8440p CRON[12973]: pam_unix(cron:session): session closed for user root
Jun  5 18:55:01 kelvintech-HP-EliteBook-8440p CRON[15723]: pam_unix(cron:session): session opened for user root by (uid=0)
Jun  5 18:55:01 kelvintech-HP-EliteBook-8440p CRON[15723]: pam_unix(cron:session): session closed for user root
Jun  5 19:05:01 kelvintech-HP-EliteBook-8440p CRON[18406]: pam_unix(cron:session): session opened for user root by (uid=0)
Jun  5 19:05:01 kelvintech-HP-EliteBook-8440p CRON[18406]: pam_unix(cron:session): session closed for user root
Jun  5 19:15:01 kelvintech-HP-EliteBook-8440p CRON[21118]: pam_unix(cron:session): session opened for user root by (uid=0)
Jun  5 19:15:01 kelvintech-HP-EliteBook-8440p CRON[21118]: pam_unix(cron:session): session closed for user root
Jun  5 19:15:06 kelvintech-HP-EliteBook-8440p sshd[21130]: Accepted publickey for kelvin-tech from 192.168.93.187 port 52176 ssh2: RSA SHA256:C038fC450iqNQ72itJqDqnwBXwoP7LUVEb13WfPhQek
Jun  5 19:15:06 kelvintech-HP-EliteBook-8440p sshd[21130]: pam_unix(sshd:session): session opened for user kelvin-tech by (uid=0)
Jun  5 19:15:06 kelvintech-HP-EliteBook-8440p systemd-logind[1001]: New session 18 of user kelvin-tech.
Jun  5 19:15:56 kelvintech-HP-EliteBook-8440p polkitd(authority=local): Unregistered Authentication Agent for unix-session:3 (system bus name :1.81, object path /org/freedesktop/PolicyKit1/AuthenticationAgent, locale en_US.UTF-8) (disconnected from bus)
Jun  5 19:15:56 kelvintech-HP-EliteBook-8440p gdm-password]: pam_unix(gdm-password:session): session closed for user kelvin-tech
Jun  5 19:15:56 kelvintech-HP-EliteBook-8440p systemd-logind[1001]: Session 3 logged out. Waiting for processes to exit.
Jun  5 19:15:56 kelvintech-HP-EliteBook-8440p gdm-launch-environment]: pam_unix(gdm-launch-environment:session): session opened for user gdm by (uid=0)
Jun  5 19:15:56 kelvintech-HP-EliteBook-8440p systemd-logind[1001]: New session c2 of user gdm.
Jun  5 19:15:56 kelvintech-HP-EliteBook-8440p systemd: pam_unix(systemd-user:session): session opened for user gdm by (uid=0)
Jun  5 19:15:59 kelvintech-HP-EliteBook-8440p polkitd(authority=local): Registered Authentication Agent for unix-session:c2 (system bus name :1.135 [/usr/bin/gnome-shell], object path /org/freedesktop/PolicyKit1/AuthenticationAgent, locale en_US.UTF-8)
Jun  5 19:16:02 kelvintech-HP-EliteBook-8440p systemd-logind[1001]: Removed session 3.
Jun  5 19:16:08 kelvintech-HP-EliteBook-8440p gdm-password]: gkr-pam: unable to locate daemon control file
Jun  5 19:16:08 kelvintech-HP-EliteBook-8440p gdm-password]: gkr-pam: stashed password to try later in open session
Jun  5 19:16:08 kelvintech-HP-EliteBook-8440p gdm-password]: pam_unix(gdm-password:session): session opened for user test by (uid=0)
Jun  5 19:16:08 kelvintech-HP-EliteBook-8440p systemd-logind[1001]: New session 20 of user test.
Jun  5 19:16:08 kelvintech-HP-EliteBook-8440p systemd: pam_unix(systemd-user:session): session opened for user test by (uid=0)
Jun  5 19:16:08 kelvintech-HP-EliteBook-8440p gdm-password]: gkr-pam: gnome-keyring-daemon started properly and unlocked keyring
Jun  5 19:16:10 kelvintech-HP-EliteBook-8440p gnome-keyring-daemon[21726]: The PKCS#11 component was already initialized
Jun  5 19:16:10 kelvintech-HP-EliteBook-8440p gnome-keyring-daemon[21726]: The Secret Service was already initialized
Jun  5 19:16:11 kelvintech-HP-EliteBook-8440p polkitd(authority=local): Registered Authentication Agent for unix-session:20 (system bus name :1.169 [/usr/bin/gnome-shell], object path /org/freedesktop/PolicyKit1/AuthenticationAgent, locale en_US.UTF-8)
Jun  5 19:16:16 kelvintech-HP-EliteBook-8440p gdm-launch-environment]: pam_unix(gdm-launch-environment:session): session closed for user gdm
Jun  5 19:16:16 kelvintech-HP-EliteBook-8440p systemd-logind[1001]: Session c2 logged out. Waiting for processes to exit.
Jun  5 19:16:17 kelvintech-HP-EliteBook-8440p systemd-logind[1001]: Removed session c2.
Jun  5 19:16:17 kelvintech-HP-EliteBook-8440p polkitd(authority=local): Unregistered Authentication Agent for unix-session:c2 (system bus name :1.135, object path /org/freedesktop/PolicyKit1/AuthenticationAgent, locale en_US.UTF-8) (disconnected from bus)
Jun  5 19:17:01 kelvintech-HP-EliteBook-8440p CRON[22379]: pam_unix(cron:session): session opened for user root by (uid=0)
Jun  5 19:17:01 kelvintech-HP-EliteBook-8440p CRON[22379]: pam_unix(cron:session): session closed for user root
Jun  5 19:17:02 kelvintech-HP-EliteBook-8440p sshd[21207]: Received disconnect from 192.168.93.187 port 52176:11: disconnected by user
Jun  5 19:17:02 kelvintech-HP-EliteBook-8440p sshd[21207]: Disconnected from user kelvin-tech 192.168.93.187 port 52176
Jun  5 19:17:02 kelvintech-HP-EliteBook-8440p sshd[21130]: pam_unix(sshd:session): session closed for user kelvin-tech
Jun  5 19:17:02 kelvintech-HP-EliteBook-8440p systemd-logind[1001]: Session 18 logged out. Waiting for processes to exit.
Jun  5 19:17:02 kelvintech-HP-EliteBook-8440p systemd-logind[1001]: Removed session 18.
Jun  5 19:17:22 kelvintech-HP-EliteBook-8440p sshd[22429]: Accepted password for test from 192.168.93.187 port 52186 ssh2
Jun  5 19:17:22 kelvintech-HP-EliteBook-8440p sshd[22429]: pam_unix(sshd:session): session opened for user test by (uid=0)
Jun  5 19:17:22 kelvintech-HP-EliteBook-8440p systemd-logind[1001]: New session 23 of user test.
Jun  5 19:17:40 kelvintech-HP-EliteBook-8440p polkitd(authority=local): Unregistered Authentication Agent for unix-session:20 (system bus name :1.169, object path /org/freedesktop/PolicyKit1/AuthenticationAgent, locale en_US.UTF-8) (disconnected from bus)
Jun  5 19:17:40 kelvintech-HP-EliteBook-8440p gdm-password]: pam_unix(gdm-password:session): session closed for user test
Jun  5 19:17:40 kelvintech-HP-EliteBook-8440p systemd-logind[1001]: Session 20 logged out. Waiting for processes to exit.
Jun  5 19:17:40 kelvintech-HP-EliteBook-8440p gdm-launch-environment]: pam_unix(gdm-launch-environment:session): session opened for user gdm by (uid=0)
Jun  5 19:17:40 kelvintech-HP-EliteBook-8440p systemd-logind[1001]: New session c3 of user gdm.
Jun  5 19:17:40 kelvintech-HP-EliteBook-8440p systemd: pam_unix(systemd-user:session): session opened for user gdm by (uid=0)
Jun  5 19:17:43 kelvintech-HP-EliteBook-8440p polkitd(authority=local): Registered Authentication Agent for unix-session:c3 (system bus name :1.197 [/usr/bin/gnome-shell], object path /org/freedesktop/PolicyKit1/AuthenticationAgent, locale en_US.UTF-8)
Jun  5 19:17:49 kelvintech-HP-EliteBook-8440p systemd-logind[1001]: Removed session 20.
Jun  5 19:17:57 kelvintech-HP-EliteBook-8440p gdm-password]: gkr-pam: unable to locate daemon control file
Jun  5 19:17:57 kelvintech-HP-EliteBook-8440p gdm-password]: gkr-pam: stashed password to try later in open session
Jun  5 19:17:57 kelvintech-HP-EliteBook-8440p gdm-password]: pam_unix(gdm-password:session): session opened for user kelvin-tech by (uid=0)
Jun  5 19:17:57 kelvintech-HP-EliteBook-8440p systemd-logind[1001]: New session 25 of user kelvin-tech.
Jun  5 19:17:57 kelvintech-HP-EliteBook-8440p gdm-password]: gkr-pam: gnome-keyring-daemon started properly and unlocked keyring
Jun  5 19:17:58 kelvintech-HP-EliteBook-8440p gnome-keyring-daemon[22927]: The PKCS#11 component was already initialized
Jun  5 19:17:58 kelvintech-HP-EliteBook-8440p gnome-keyring-daemon[22927]: The Secret Service was already initialized
Jun  5 19:18:00 kelvintech-HP-EliteBook-8440p polkitd(authority=local): Registered Authentication Agent for unix-session:25 (system bus name :1.223 [/usr/bin/gnome-shell], object path /org/freedesktop/PolicyKit1/AuthenticationAgent, locale en_US.UTF-8)
Jun  5 19:18:04 kelvintech-HP-EliteBook-8440p gdm-launch-environment]: pam_unix(gdm-launch-environment:session): session closed for user gdm
Jun  5 19:18:04 kelvintech-HP-EliteBook-8440p systemd-logind[1001]: Session c3 logged out. Waiting for processes to exit.
Jun  5 19:18:05 kelvintech-HP-EliteBook-8440p systemd-logind[1001]: Removed session c3.
Jun  5 19:18:05 kelvintech-HP-EliteBook-8440p polkitd(authority=local): Unregistered Authentication Agent for unix-session:c3 (system bus name :1.197, object path /org/freedesktop/PolicyKit1/AuthenticationAgent, locale en_US.UTF-8) (disconnected from bus)
Jun  5 19:19:10 kelvintech-HP-EliteBook-8440p pkexec: pam_unix(polkit-1:session): session opened for user root by (uid=1000)
Jun  5 19:19:10 kelvintech-HP-EliteBook-8440p pkexec[23698]: kelvin-tech: Executing command [USER=root] [TTY=unknown] [CWD=/home/kelvin-tech] [COMMAND=/usr/lib/update-notifier/package-system-locked]
Jun  5 19:25:01 kelvintech-HP-EliteBook-8440p CRON[24398]: pam_unix(cron:session): session opened for user root by (uid=0)
Jun  5 19:25:01 kelvintech-HP-EliteBook-8440p CRON[24398]: pam_unix(cron:session): session closed for user root
Jun  5 19:30:01 kelvintech-HP-EliteBook-8440p CRON[24993]: pam_unix(cron:session): session opened for user root by (uid=0)
Jun  5 19:30:01 kelvintech-HP-EliteBook-8440p CRON[24993]: pam_unix(cron:session): session closed for user root
Jun  5 19:35:01 kelvintech-HP-EliteBook-8440p CRON[25579]: pam_unix(cron:session): session opened for user root by (uid=0)
Jun  5 19:35:01 kelvintech-HP-EliteBook-8440p CRON[25579]: pam_unix(cron:session): session closed for user root
Jun  5 19:45:01 kelvintech-HP-EliteBook-8440p CRON[26778]: pam_unix(cron:session): session opened for user root by (uid=0)
Jun  5 19:45:01 kelvintech-HP-EliteBook-8440p CRON[26778]: pam_unix(cron:session): session closed for user root
Jun  5 19:48:10 kelvintech-HP-EliteBook-8440p sshd[22429]: pam_unix(sshd:session): session closed for user test
Jun  5 19:48:11 kelvintech-HP-EliteBook-8440p systemd-logind[1001]: Session 23 logged out. Waiting for processes to exit.
Jun  5 19:48:11 kelvintech-HP-EliteBook-8440p systemd-logind[1001]: Removed session 23.
Jun  5 19:49:37 kelvintech-HP-EliteBook-8440p sudo: kelvin-tech : TTY=pts/2 ; PWD=/home/kelvin-tech/Projects/python/pymetrics/features ; USER=root ; COMMAND=/usr/bin/kill -9 1013
Jun  5 19:49:37 kelvintech-HP-EliteBook-8440p sudo: pam_unix(sudo:session): session opened for user root by (uid=0)
Jun  5 19:49:37 kelvintech-HP-EliteBook-8440p sudo: pam_unix(sudo:session): session closed for user root
Jun  5 19:52:42 kelvintech-HP-EliteBook-8440p sshd[27678]: Accepted password for test from 192.168.93.187 port 52256 ssh2
Jun  5 19:52:42 kelvintech-HP-EliteBook-8440p sshd[27678]: pam_unix(sshd:session): session opened for user test by (uid=0)
Jun  5 19:52:43 kelvintech-HP-EliteBook-8440p systemd-logind[1001]: New session 30 of user test.
Jun  5 19:52:43 kelvintech-HP-EliteBook-8440p systemd: pam_unix(systemd-user:session): session opened for user test by (uid=0)
Jun  5 19:53:32 kelvintech-HP-EliteBook-8440p sshd[27761]: Received disconnect from 192.168.93.187 port 52256:11: disconnected by user
Jun  5 19:53:32 kelvintech-HP-EliteBook-8440p sshd[27761]: Disconnected from user test 192.168.93.187 port 52256
Jun  5 19:53:32 kelvintech-HP-EliteBook-8440p sshd[27678]: pam_unix(sshd:session): session closed for user test
Jun  5 19:53:32 kelvintech-HP-EliteBook-8440p systemd-logind[1001]: Session 30 logged out. Waiting for processes to exit.
Jun  5 19:53:32 kelvintech-HP-EliteBook-8440p systemd-logind[1001]: Removed session 30.
Jun  5 19:53:35 kelvintech-HP-EliteBook-8440p sshd[27941]: Connection reset by authenticating user test 192.168.93.187 port 52280 [preauth]
Jun  5 19:53:50 kelvintech-HP-EliteBook-8440p sshd[27963]: Accepted password for test from 192.168.93.187 port 52292 ssh2
Jun  5 19:53:50 kelvintech-HP-EliteBook-8440p sshd[27963]: pam_unix(sshd:session): session opened for user test by (uid=0)
Jun  5 19:53:50 kelvintech-HP-EliteBook-8440p systemd-logind[1001]: New session 32 of user test.
Jun  5 19:53:50 kelvintech-HP-EliteBook-8440p systemd: pam_unix(systemd-user:session): session opened for user test by (uid=0)
Jun  5 19:54:05 kelvintech-HP-EliteBook-8440p sshd[27963]: pam_unix(sshd:session): session closed for user test
Jun  5 19:54:05 kelvintech-HP-EliteBook-8440p systemd-logind[1001]: Session 32 logged out. Waiting for processes to exit.
Jun  5 19:54:05 kelvintech-HP-EliteBook-8440p systemd-logind[1001]: Removed session 32.
Jun  5 19:55:01 kelvintech-HP-EliteBook-8440p CRON[28252]: pam_unix(cron:session): session opened for user root by (uid=0)
Jun  5 19:55:01 kelvintech-HP-EliteBook-8440p CRON[28252]: pam_unix(cron:session): session closed for user root
Jun  5 20:02:23 kelvintech-HP-EliteBook-8440p sshd[29056]: Accepted password for test from 192.168.93.187 port 52308 ssh2
Jun  5 20:02:23 kelvintech-HP-EliteBook-8440p sshd[29056]: pam_unix(sshd:session): session opened for user test by (uid=0)
Jun  5 20:02:23 kelvintech-HP-EliteBook-8440p systemd-logind[1001]: New session 35 of user test.
Jun  5 20:02:23 kelvintech-HP-EliteBook-8440p systemd: pam_unix(systemd-user:session): session opened for user test by (uid=0)
Jun  5 20:05:01 kelvintech-HP-EliteBook-8440p CRON[29504]: pam_unix(cron:session): session opened for user root by (uid=0)
Jun  5 20:05:01 kelvintech-HP-EliteBook-8440p CRON[29504]: pam_unix(cron:session): session closed for user root
Jun  5 20:14:26 kelvintech-HP-EliteBook-8440p sshd[8549]: pam_unix(sshd:session): session closed for user kelvin-tech
Jun  5 20:14:26 kelvintech-HP-EliteBook-8440p systemd-logind[1001]: Session 8 logged out. Waiting for processes to exit.
Jun  5 20:14:26 kelvintech-HP-EliteBook-8440p systemd-logind[1001]: Removed session 8.
Jun  5 20:15:01 kelvintech-HP-EliteBook-8440p CRON[30624]: pam_unix(cron:session): session opened for user root by (uid=0)
Jun  5 20:15:01 kelvintech-HP-EliteBook-8440p CRON[30624]: pam_unix(cron:session): session closed for user root
Jun  5 20:17:01 kelvintech-HP-EliteBook-8440p CRON[30852]: pam_unix(cron:session): session opened for user root by (uid=0)
Jun  5 20:17:01 kelvintech-HP-EliteBook-8440p CRON[30852]: pam_unix(cron:session): session closed for user root
Jun  5 20:18:12 kelvintech-HP-EliteBook-8440p sshd[29056]: pam_unix(sshd:session): session closed for user test
Jun  5 20:18:12 kelvintech-HP-EliteBook-8440p systemd-logind[1001]: Session 35 logged out. Waiting for processes to exit.
Jun  5 20:18:12 kelvintech-HP-EliteBook-8440p systemd-logind[1001]: Removed session 35.
Jun  5 20:25:01 kelvintech-HP-EliteBook-8440p CRON[32834]: pam_unix(cron:session): session opened for user root by (uid=0)
Jun  5 20:25:01 kelvintech-HP-EliteBook-8440p CRON[32834]: pam_unix(cron:session): session closed for user root
Jun  5 20:30:01 kelvintech-HP-EliteBook-8440p CRON[34155]: pam_unix(cron:session): session opened for user root by (uid=0)
Jun  5 20:30:01 kelvintech-HP-EliteBook-8440p CRON[34155]: pam_unix(cron:session): session closed for user root
Jun  5 20:34:05 kelvintech-HP-EliteBook-8440p sudo: kelvin-tech : TTY=pts/0 ; PWD=/var/log ; USER=root ; COMMAND=/usr/bin/less boot.log
Jun  5 20:34:05 kelvintech-HP-EliteBook-8440p sudo: pam_unix(sudo:session): session opened for user root by (uid=0)
Jun  5 20:34:56 kelvintech-HP-EliteBook-8440p sudo: pam_unix(sudo:session): session closed for user root
Jun  5 20:34:58 kelvintech-HP-EliteBook-8440p sudo: kelvin-tech : TTY=pts/0 ; PWD=/var/log ; USER=root ; COMMAND=/usr/bin/less boot.log
Jun  5 20:34:58 kelvintech-HP-EliteBook-8440p sudo: pam_unix(sudo:session): session opened for user root by (uid=0)
Jun  5 20:35:00 kelvintech-HP-EliteBook-8440p sudo: pam_unix(sudo:session): session closed for user root
Jun  5 20:35:01 kelvintech-HP-EliteBook-8440p CRON[35596]: pam_unix(cron:session): session opened for user root by (uid=0)
Jun  5 20:35:01 kelvintech-HP-EliteBook-8440p CRON[35596]: pam_unix(cron:session): session closed for user root
Jun  5 20:45:01 kelvintech-HP-EliteBook-8440p CRON[38395]: pam_unix(cron:session): session opened for user root by (uid=0)
Jun  5 20:45:01 kelvintech-HP-EliteBook-8440p CRON[38395]: pam_unix(cron:session): session closed for user root
Jun  5 20:45:37 kelvintech-HP-EliteBook-8440p sudo: kelvin-tech : TTY=pts/0 ; PWD=/var/log ; USER=root ; COMMAND=/usr/bin/less sudo.log
Jun  5 20:45:37 kelvintech-HP-EliteBook-8440p sudo: pam_unix(sudo:session): session opened for user root by (uid=0)
Jun  5 20:47:26 kelvintech-HP-EliteBook-8440p sudo: pam_unix(sudo:session): session closed for user root
